[m2021-07-10 21:44:32.926[m [[36mmain[m] [36mDEBUG[m [1;35m?[m - [1;32mUsing io.vertx.core.logging.Log4j2LogDelegateFactory[m
"[m2021-07-10 21:44:32.950[m [[36mmain[m] [36mDEBUG[m [1;35mio.netty.util.internal.logging.InternalLoggerFactory[m - [1;32mUsing Log4J2 as the default logging framework[m
"[m2021-07-10 21:44:32.953[m [[36mmain[m] [36mDEBUG[m [1;35mio.netty.util.internal.PlatformDependent0[m - [1;32m-Dio.netty.noUnsafe: false[m
"[m2021-07-10 21:44:32.953[m [[36mmain[m] [36mDEBUG[m [1;35mio.netty.util.internal.PlatformDependent0[m - [1;32mJava version: 11[m
"[m2021-07-10 21:44:32.955[m [[36mmain[m] [36mDEBUG[m [1;35mio.netty.util.internal.PlatformDependent0[m - [1;32msun.misc.Unsafe.theUnsafe: available[m
"[m2021-07-10 21:44:32.955[m [[36mmain[m] [36mDEBUG[m [1;35mio.netty.util.internal.PlatformDependent0[m - [1;32msun.misc.Unsafe.copyMemory: available[m
"[m2021-07-10 21:44:32.956[m [[36mmain[m] [36mDEBUG[m [1;35mio.netty.util.internal.PlatformDependent0[m - [1;32mjava.nio.Buffer.address: available[m
"[m2021-07-10 21:44:32.956[m [[36mmain[m] [36mDEBUG[m [1;35mio.netty.util.internal.PlatformDependent0[m - [1;32mdirect buffer constructor: unavailable: Reflective setAccessible(true) disabled[m
"[m2021-07-10 21:44:32.956[m [[36mmain[m] [36mDEBUG[m [1;35mio.netty.util.internal.PlatformDependent0[m - [1;32mjava.nio.Bits.unaligned: available, true[m
"[m2021-07-10 21:44:32.957[m [[36mmain[m] [36mDEBUG[m [1;35mio.netty.util.internal.PlatformDependent0[m - [1;32mjdk.internal.misc.Unsafe.allocateUninitializedArray(int): unavailable: class io.netty.util.internal.PlatformDependent0$6 cannot access class jdk.internal.misc.Unsafe (in module java.base) because module java.base does not export jdk.internal.misc to unnamed module @2e2ff723[m
"[m2021-07-10 21:44:32.958[m [[36mmain[m] [36mDEBUG[m [1;35mio.netty.util.internal.PlatformDependent0[m - [1;32mjava.nio.DirectByteBuffer.<init>(long, int): unavailable[m
"[m2021-07-10 21:44:32.958[m [[36mmain[m] [36mDEBUG[m [1;35mio.netty.util.internal.PlatformDependent[m - [1;32msun.misc.Unsafe: available[m
"[m2021-07-10 21:44:32.959[m [[36mmain[m] [36mDEBUG[m [1;35mio.netty.util.internal.PlatformDependent[m - [1;32mmaxDirectMemory: 8589934592 bytes (maybe)[m
"[m2021-07-10 21:44:32.959[m [[36mmain[m] [36mDEBUG[m [1;35mio.netty.util.internal.PlatformDependent[m - [1;32m-Dio.netty.tmpdir: /var/folders/ht/w88lht111pd_0m8y0tpsh9k40000gn/T (java.io.tmpdir)[m
"[m2021-07-10 21:44:32.959[m [[36mmain[m] [36mDEBUG[m [1;35mio.netty.util.internal.PlatformDependent[m - [1;32m-Dio.netty.bitMode: 64 (sun.arch.data.model)[m
"[m2021-07-10 21:44:32.960[m [[36mmain[m] [36mDEBUG[m [1;35mio.netty.util.internal.PlatformDependent[m - [1;32mPlatform: MacOS[m
"[m2021-07-10 21:44:32.960[m [[36mmain[m] [36mDEBUG[m [1;35mio.netty.util.internal.PlatformDependent[m - [1;32m-Dio.netty.maxDirectMemory: -1 bytes[m
"[m2021-07-10 21:44:32.960[m [[36mmain[m] [36mDEBUG[m [1;35mio.netty.util.internal.PlatformDependent[m - [1;32m-Dio.netty.uninitializedArrayAllocationThreshold: -1[m
"[m2021-07-10 21:44:32.961[m [[36mmain[m] [36mDEBUG[m [1;35mio.netty.util.internal.CleanerJava9[m - [1;32mjava.nio.ByteBuffer.cleaner(): available[m
"[m2021-07-10 21:44:32.961[m [[36mmain[m] [36mDEBUG[m [1;35mio.netty.util.internal.PlatformDependent[m - [1;32m-Dio.netty.noPreferDirect: false[m
"[m2021-07-10 21:44:32.971[m [[36mmain[m] [36mDEBUG[m [1;35mio.netty.util.ResourceLeakDetector[m - [1;32m-Dio.netty.leakDetection.level: simple[m
"[m2021-07-10 21:44:32.971[m [[36mmain[m] [36mDEBUG[m [1;35mio.netty.util.ResourceLeakDetector[m - [1;32m-Dio.netty.leakDetection.targetRecords: 4[m
"[m2021-07-10 21:44:32.982[m [[36mmain[m] [36mDEBUG[m [1;35mio.netty.channel.MultithreadEventLoopGroup[m - [1;32m-Dio.netty.eventLoopThreads: 32[m
"[m2021-07-10 21:44:32.993[m [[36mmain[m] [36mDEBUG[m [1;35mio.netty.util.internal.InternalThreadLocalMap[m - [1;32m-Dio.netty.threadLocalMap.stringBuilder.initialSize: 1024[m
"[m2021-07-10 21:44:32.993[m [[36mmain[m] [36mDEBUG[m [1;35mio.netty.util.internal.InternalThreadLocalMap[m - [1;32m-Dio.netty.threadLocalMap.stringBuilder.maxSize: 4096[m
"[m2021-07-10 21:44:32.998[m [[36mmain[m] [36mDEBUG[m [1;35mio.netty.channel.nio.NioEventLoop[m - [1;32m-Dio.netty.noKeySetOptimization: false[m
"[m2021-07-10 21:44:32.998[m [[36mmain[m] [36mDEBUG[m [1;35mio.netty.channel.nio.NioEventLoop[m - [1;32m-Dio.netty.selectorAutoRebuildThreshold: 512[m
"[m2021-07-10 21:44:33.002[m [[36mmain[m] [36mDEBUG[m [1;35mio.netty.util.internal.PlatformDependent$Mpsc[m - [1;32morg.jctools-core.MpscChunkedArrayQueue: available[m
"[m2021-07-10 21:44:33.030[m [[36mmain[m] [36mDEBUG[m [1;35mio.netty.resolver.dns.DefaultDnsServerAddressStreamProvider[m - [1;32mDefault DNS servers: [/192.168.2.1:53] (sun.net.dns.ResolverConfiguration)[m
"[m2021-07-10 21:44:33.034[m [[36mmain[m] [36mDEBUG[m [1;35mio.netty.util.NetUtil[m - [1;32m-Djava.net.preferIPv4Stack: false[m
"[m2021-07-10 21:44:33.034[m [[36mmain[m] [36mDEBUG[m [1;35mio.netty.util.NetUtil[m - [1;32m-Djava.net.preferIPv6Addresses: false[m
"[m2021-07-10 21:44:33.037[m [[36mmain[m] [36mDEBUG[m [1;35mio.netty.util.NetUtilInitializations[m - [1;32mLoopback interface: lo0 (lo0, 0:0:0:0:0:0:0:1%lo0)[m
"[m2021-07-10 21:44:33.037[m [[36mmain[m] [36mDEBUG[m [1;35mio.netty.util.NetUtil$1[m - [1;32mFailed to get SOMAXCONN from sysctl and file /proc/sys/net/core/somaxconn. Default: 128[m
"[m2021-07-10 21:44:33.450[m [[36mvert.x-eventloop-thread-1[m] [36mDEBUG[m [1;35mio.netty.buffer.PooledByteBufAllocator[m - [1;32m-Dio.netty.allocator.numHeapArenas: 32[m
"[m2021-07-10 21:44:33.451[m [[36mvert.x-eventloop-thread-1[m] [36mDEBUG[m [1;35mio.netty.buffer.PooledByteBufAllocator[m - [1;32m-Dio.netty.allocator.numDirectArenas: 32[m
"[m2021-07-10 21:44:33.451[m [[36mvert.x-eventloop-thread-1[m] [36mDEBUG[m [1;35mio.netty.buffer.PooledByteBufAllocator[m - [1;32m-Dio.netty.allocator.pageSize: 8192[m
"[m2021-07-10 21:44:33.451[m [[36mvert.x-eventloop-thread-1[m] [36mDEBUG[m [1;35mio.netty.buffer.PooledByteBufAllocator[m - [1;32m-Dio.netty.allocator.maxOrder: 11[m
"[m2021-07-10 21:44:33.451[m [[36mvert.x-eventloop-thread-1[m] [36mDEBUG[m [1;35mio.netty.buffer.PooledByteBufAllocator[m - [1;32m-Dio.netty.allocator.chunkSize: 16777216[m
"[m2021-07-10 21:44:33.452[m [[36mvert.x-eventloop-thread-1[m] [36mDEBUG[m [1;35mio.netty.buffer.PooledByteBufAllocator[m - [1;32m-Dio.netty.allocator.smallCacheSize: 256[m
"[m2021-07-10 21:44:33.452[m [[36mvert.x-eventloop-thread-1[m] [36mDEBUG[m [1;35mio.netty.buffer.PooledByteBufAllocator[m - [1;32m-Dio.netty.allocator.normalCacheSize: 64[m
"[m2021-07-10 21:44:33.452[m [[36mvert.x-eventloop-thread-1[m] [36mDEBUG[m [1;35mio.netty.buffer.PooledByteBufAllocator[m - [1;32m-Dio.netty.allocator.maxCachedBufferCapacity: 32768[m
"[m2021-07-10 21:44:33.452[m [[36mvert.x-eventloop-thread-1[m] [36mDEBUG[m [1;35mio.netty.buffer.PooledByteBufAllocator[m - [1;32m-Dio.netty.allocator.cacheTrimInterval: 8192[m
"[m2021-07-10 21:44:33.452[m [[36mvert.x-eventloop-thread-1[m] [36mDEBUG[m [1;35mio.netty.buffer.PooledByteBufAllocator[m - [1;32m-Dio.netty.allocator.cacheTrimIntervalMillis: 0[m
"[m2021-07-10 21:44:33.452[m [[36mvert.x-eventloop-thread-1[m] [36mDEBUG[m [1;35mio.netty.buffer.PooledByteBufAllocator[m - [1;32m-Dio.netty.allocator.useCacheForAllThreads: true[m
"[m2021-07-10 21:44:33.453[m [[36mvert.x-eventloop-thread-1[m] [36mDEBUG[m [1;35mio.netty.buffer.PooledByteBufAllocator[m - [1;32m-Dio.netty.allocator.maxCachedByteBuffersPerChunk: 1023[m
"[m2021-07-10 21:44:33.479[m [[36mvert.x-eventloop-thread-1[m] [36mDEBUG[m [1;35mio.netty.channel.DefaultChannelId[m - [1;32m-Dio.netty.processId: 49019 (auto-detected)[m
"[m2021-07-10 21:44:33.481[m [[36mvert.x-eventloop-thread-1[m] [36mDEBUG[m [1;35mio.netty.channel.DefaultChannelId[m - [1;32m-Dio.netty.machineId: 3c:7c:3f:ff:fe:12:83:24 (auto-detected)[m
"[m2021-07-10 21:44:33.495[m [[36mvert.x-eventloop-thread-1[m] [36mDEBUG[m [1;35mio.netty.buffer.ByteBufUtil[m - [1;32m-Dio.netty.allocator.type: pooled[m
"[m2021-07-10 21:44:33.495[m [[36mvert.x-eventloop-thread-1[m] [36mDEBUG[m [1;35mio.netty.buffer.ByteBufUtil[m - [1;32m-Dio.netty.threadLocalDirectBufferSize: 0[m
"[m2021-07-10 21:44:33.495[m [[36mvert.x-eventloop-thread-1[m] [36mDEBUG[m [1;35mio.netty.buffer.ByteBufUtil[m - [1;32m-Dio.netty.maxThreadLocalCharBufferSize: 16384[m
"[m2021-07-10 21:44:33.507[m [[32mvert.x-eventloop-thread-1[m] [32mINFO [m [1;35mcom.zf1976.ddns.verticle.ApiVerticle[m - [1;32mVertx web server initialized with port(s): 8080 (http)[m
"[m2021-07-10 21:45:08.611[m [[36mvert.x-eventloop-thread-1[m] [36mDEBUG[m [1;35mio.netty.util.Recycler[m - [1;32m-Dio.netty.recycler.maxCapacityPerThread: 4096[m
"[m2021-07-10 21:45:08.611[m [[36mvert.x-eventloop-thread-1[m] [36mDEBUG[m [1;35mio.netty.util.Recycler[m - [1;32m-Dio.netty.recycler.maxSharedCapacityFactor: 2[m
"[m2021-07-10 21:45:08.611[m [[36mvert.x-eventloop-thread-1[m] [36mDEBUG[m [1;35mio.netty.util.Recycler[m - [1;32m-Dio.netty.recycler.linkCapacity: 16[m
"[m2021-07-10 21:45:08.612[m [[36mvert.x-eventloop-thread-1[m] [36mDEBUG[m [1;35mio.netty.util.Recycler[m - [1;32m-Dio.netty.recycler.ratio: 8[m
"[m2021-07-10 21:45:08.612[m [[36mvert.x-eventloop-thread-1[m] [36mDEBUG[m [1;35mio.netty.util.Recycler[m - [1;32m-Dio.netty.recycler.delayedQueue.ratio: 8[m
"[m2021-07-10 21:45:08.616[m [[36mvert.x-eventloop-thread-1[m] [36mDEBUG[m [1;35mio.netty.buffer.AbstractByteBuf[m - [1;32m-Dio.netty.buffer.checkAccessible: true[m
"[m2021-07-10 21:45:08.617[m [[36mvert.x-eventloop-thread-1[m] [36mDEBUG[m [1;35mio.netty.buffer.AbstractByteBuf[m - [1;32m-Dio.netty.buffer.checkBounds: true[m
"[m2021-07-10 21:45:08.617[m [[36mvert.x-eventloop-thread-1[m] [36mDEBUG[m [1;35mio.netty.util.ResourceLeakDetectorFactory$DefaultResourceLeakDetectorFactory[m - [1;32mLoaded default ResourceLeakDetector: io.netty.util.ResourceLeakDetector@38a536af[m
"[m2021-07-10 21:45:08.662[m [[36mvert.x-eventloop-thread-1[m] [36mDEBUG[m [1;35mio.netty.handler.codec.compression.ZlibCodecFactory[m - [1;32m-Dio.netty.noJdkZlibDecoder: false[m
"[m2021-07-10 21:45:08.662[m [[36mvert.x-eventloop-thread-1[m] [36mDEBUG[m [1;35mio.netty.handler.codec.compression.ZlibCodecFactory[m - [1;32m-Dio.netty.noJdkZlibEncoder: false[m
"[m2021-07-10 21:46:34.792[m [[36mmain[m] [36mDEBUG[m [1;35m?[m - [1;32mUsing io.vertx.core.logging.Log4j2LogDelegateFactory[m
"[m2021-07-10 21:46:34.815[m [[36mmain[m] [36mDEBUG[m [1;35mio.netty.util.internal.logging.InternalLoggerFactory[m - [1;32mUsing Log4J2 as the default logging framework[m
"[m2021-07-10 21:46:34.818[m [[36mmain[m] [36mDEBUG[m [1;35mio.netty.util.internal.PlatformDependent0[m - [1;32m-Dio.netty.noUnsafe: false[m
"[m2021-07-10 21:46:34.818[m [[36mmain[m] [36mDEBUG[m [1;35mio.netty.util.internal.PlatformDependent0[m - [1;32mJava version: 11[m
"[m2021-07-10 21:46:34.820[m [[36mmain[m] [36mDEBUG[m [1;35mio.netty.util.internal.PlatformDependent0[m - [1;32msun.misc.Unsafe.theUnsafe: available[m
"[m2021-07-10 21:46:34.820[m [[36mmain[m] [36mDEBUG[m [1;35mio.netty.util.internal.PlatformDependent0[m - [1;32msun.misc.Unsafe.copyMemory: available[m
"[m2021-07-10 21:46:34.820[m [[36mmain[m] [36mDEBUG[m [1;35mio.netty.util.internal.PlatformDependent0[m - [1;32mjava.nio.Buffer.address: available[m
"[m2021-07-10 21:46:34.821[m [[36mmain[m] [36mDEBUG[m [1;35mio.netty.util.internal.PlatformDependent0[m - [1;32mdirect buffer constructor: unavailable: Reflective setAccessible(true) disabled[m
"[m2021-07-10 21:46:34.821[m [[36mmain[m] [36mDEBUG[m [1;35mio.netty.util.internal.PlatformDependent0[m - [1;32mjava.nio.Bits.unaligned: available, true[m
"[m2021-07-10 21:46:34.822[m [[36mmain[m] [36mDEBUG[m [1;35mio.netty.util.internal.PlatformDependent0[m - [1;32mjdk.internal.misc.Unsafe.allocateUninitializedArray(int): unavailable: class io.netty.util.internal.PlatformDependent0$6 cannot access class jdk.internal.misc.Unsafe (in module java.base) because module java.base does not export jdk.internal.misc to unnamed module @2e2ff723[m
"[m2021-07-10 21:46:34.823[m [[36mmain[m] [36mDEBUG[m [1;35mio.netty.util.internal.PlatformDependent0[m - [1;32mjava.nio.DirectByteBuffer.<init>(long, int): unavailable[m
"[m2021-07-10 21:46:34.823[m [[36mmain[m] [36mDEBUG[m [1;35mio.netty.util.internal.PlatformDependent[m - [1;32msun.misc.Unsafe: available[m
"[m2021-07-10 21:46:34.823[m [[36mmain[m] [36mDEBUG[m [1;35mio.netty.util.internal.PlatformDependent[m - [1;32mmaxDirectMemory: 8589934592 bytes (maybe)[m
"[m2021-07-10 21:46:34.824[m [[36mmain[m] [36mDEBUG[m [1;35mio.netty.util.internal.PlatformDependent[m - [1;32m-Dio.netty.tmpdir: /var/folders/ht/w88lht111pd_0m8y0tpsh9k40000gn/T (java.io.tmpdir)[m
"[m2021-07-10 21:46:34.824[m [[36mmain[m] [36mDEBUG[m [1;35mio.netty.util.internal.PlatformDependent[m - [1;32m-Dio.netty.bitMode: 64 (sun.arch.data.model)[m
"[m2021-07-10 21:46:34.824[m [[36mmain[m] [36mDEBUG[m [1;35mio.netty.util.internal.PlatformDependent[m - [1;32mPlatform: MacOS[m
"[m2021-07-10 21:46:34.825[m [[36mmain[m] [36mDEBUG[m [1;35mio.netty.util.internal.PlatformDependent[m - [1;32m-Dio.netty.maxDirectMemory: -1 bytes[m
"[m2021-07-10 21:46:34.825[m [[36mmain[m] [36mDEBUG[m [1;35mio.netty.util.internal.PlatformDependent[m - [1;32m-Dio.netty.uninitializedArrayAllocationThreshold: -1[m
"[m2021-07-10 21:46:34.826[m [[36mmain[m] [36mDEBUG[m [1;35mio.netty.util.internal.CleanerJava9[m - [1;32mjava.nio.ByteBuffer.cleaner(): available[m
"[m2021-07-10 21:46:34.826[m [[36mmain[m] [36mDEBUG[m [1;35mio.netty.util.internal.PlatformDependent[m - [1;32m-Dio.netty.noPreferDirect: false[m
"[m2021-07-10 21:46:34.835[m [[36mmain[m] [36mDEBUG[m [1;35mio.netty.util.ResourceLeakDetector[m - [1;32m-Dio.netty.leakDetection.level: simple[m
"[m2021-07-10 21:46:34.835[m [[36mmain[m] [36mDEBUG[m [1;35mio.netty.util.ResourceLeakDetector[m - [1;32m-Dio.netty.leakDetection.targetRecords: 4[m
"[m2021-07-10 21:46:34.847[m [[36mmain[m] [36mDEBUG[m [1;35mio.netty.channel.MultithreadEventLoopGroup[m - [1;32m-Dio.netty.eventLoopThreads: 32[m
"[m2021-07-10 21:46:34.858[m [[36mmain[m] [36mDEBUG[m [1;35mio.netty.util.internal.InternalThreadLocalMap[m - [1;32m-Dio.netty.threadLocalMap.stringBuilder.initialSize: 1024[m
"[m2021-07-10 21:46:34.858[m [[36mmain[m] [36mDEBUG[m [1;35mio.netty.util.internal.InternalThreadLocalMap[m - [1;32m-Dio.netty.threadLocalMap.stringBuilder.maxSize: 4096[m
"[m2021-07-10 21:46:34.862[m [[36mmain[m] [36mDEBUG[m [1;35mio.netty.channel.nio.NioEventLoop[m - [1;32m-Dio.netty.noKeySetOptimization: false[m
"[m2021-07-10 21:46:34.862[m [[36mmain[m] [36mDEBUG[m [1;35mio.netty.channel.nio.NioEventLoop[m - [1;32m-Dio.netty.selectorAutoRebuildThreshold: 512[m
"[m2021-07-10 21:46:34.867[m [[36mmain[m] [36mDEBUG[m [1;35mio.netty.util.internal.PlatformDependent$Mpsc[m - [1;32morg.jctools-core.MpscChunkedArrayQueue: available[m
"[m2021-07-10 21:46:34.894[m [[36mmain[m] [36mDEBUG[m [1;35mio.netty.resolver.dns.DefaultDnsServerAddressStreamProvider[m - [1;32mDefault DNS servers: [/192.168.2.1:53] (sun.net.dns.ResolverConfiguration)[m
"[m2021-07-10 21:46:34.898[m [[36mmain[m] [36mDEBUG[m [1;35mio.netty.util.NetUtil[m - [1;32m-Djava.net.preferIPv4Stack: false[m
"[m2021-07-10 21:46:34.898[m [[36mmain[m] [36mDEBUG[m [1;35mio.netty.util.NetUtil[m - [1;32m-Djava.net.preferIPv6Addresses: false[m
"[m2021-07-10 21:46:34.901[m [[36mmain[m] [36mDEBUG[m [1;35mio.netty.util.NetUtilInitializations[m - [1;32mLoopback interface: lo0 (lo0, 0:0:0:0:0:0:0:1%lo0)[m
"[m2021-07-10 21:46:34.901[m [[36mmain[m] [36mDEBUG[m [1;35mio.netty.util.NetUtil$1[m - [1;32mFailed to get SOMAXCONN from sysctl and file /proc/sys/net/core/somaxconn. Default: 128[m
"[m2021-07-10 21:46:35.314[m [[36mvert.x-eventloop-thread-1[m] [36mDEBUG[m [1;35mio.netty.buffer.PooledByteBufAllocator[m - [1;32m-Dio.netty.allocator.numHeapArenas: 32[m
"[m2021-07-10 21:46:35.315[m [[36mvert.x-eventloop-thread-1[m] [36mDEBUG[m [1;35mio.netty.buffer.PooledByteBufAllocator[m - [1;32m-Dio.netty.allocator.numDirectArenas: 32[m
"[m2021-07-10 21:46:35.315[m [[36mvert.x-eventloop-thread-1[m] [36mDEBUG[m [1;35mio.netty.buffer.PooledByteBufAllocator[m - [1;32m-Dio.netty.allocator.pageSize: 8192[m
"[m2021-07-10 21:46:35.315[m [[36mvert.x-eventloop-thread-1[m] [36mDEBUG[m [1;35mio.netty.buffer.PooledByteBufAllocator[m - [1;32m-Dio.netty.allocator.maxOrder: 11[m
"[m2021-07-10 21:46:35.315[m [[36mvert.x-eventloop-thread-1[m] [36mDEBUG[m [1;35mio.netty.buffer.PooledByteBufAllocator[m - [1;32m-Dio.netty.allocator.chunkSize: 16777216[m
"[m2021-07-10 21:46:35.315[m [[36mvert.x-eventloop-thread-1[m] [36mDEBUG[m [1;35mio.netty.buffer.PooledByteBufAllocator[m - [1;32m-Dio.netty.allocator.smallCacheSize: 256[m
"[m2021-07-10 21:46:35.315[m [[36mvert.x-eventloop-thread-1[m] [36mDEBUG[m [1;35mio.netty.buffer.PooledByteBufAllocator[m - [1;32m-Dio.netty.allocator.normalCacheSize: 64[m
"[m2021-07-10 21:46:35.315[m [[36mvert.x-eventloop-thread-1[m] [36mDEBUG[m [1;35mio.netty.buffer.PooledByteBufAllocator[m - [1;32m-Dio.netty.allocator.maxCachedBufferCapacity: 32768[m
"[m2021-07-10 21:46:35.316[m [[36mvert.x-eventloop-thread-1[m] [36mDEBUG[m [1;35mio.netty.buffer.PooledByteBufAllocator[m - [1;32m-Dio.netty.allocator.cacheTrimInterval: 8192[m
"[m2021-07-10 21:46:35.316[m [[36mvert.x-eventloop-thread-1[m] [36mDEBUG[m [1;35mio.netty.buffer.PooledByteBufAllocator[m - [1;32m-Dio.netty.allocator.cacheTrimIntervalMillis: 0[m
"[m2021-07-10 21:46:35.316[m [[36mvert.x-eventloop-thread-1[m] [36mDEBUG[m [1;35mio.netty.buffer.PooledByteBufAllocator[m - [1;32m-Dio.netty.allocator.useCacheForAllThreads: true[m
"[m2021-07-10 21:46:35.316[m [[36mvert.x-eventloop-thread-1[m] [36mDEBUG[m [1;35mio.netty.buffer.PooledByteBufAllocator[m - [1;32m-Dio.netty.allocator.maxCachedByteBuffersPerChunk: 1023[m
"[m2021-07-10 21:46:35.342[m [[36mvert.x-eventloop-thread-1[m] [36mDEBUG[m [1;35mio.netty.channel.DefaultChannelId[m - [1;32m-Dio.netty.processId: 50000 (auto-detected)[m
"[m2021-07-10 21:46:35.344[m [[36mvert.x-eventloop-thread-1[m] [36mDEBUG[m [1;35mio.netty.channel.DefaultChannelId[m - [1;32m-Dio.netty.machineId: 3c:7c:3f:ff:fe:12:83:24 (auto-detected)[m
"[m2021-07-10 21:46:35.358[m [[36mvert.x-eventloop-thread-1[m] [36mDEBUG[m [1;35mio.netty.buffer.ByteBufUtil[m - [1;32m-Dio.netty.allocator.type: pooled[m
"[m2021-07-10 21:46:35.358[m [[36mvert.x-eventloop-thread-1[m] [36mDEBUG[m [1;35mio.netty.buffer.ByteBufUtil[m - [1;32m-Dio.netty.threadLocalDirectBufferSize: 0[m
"[m2021-07-10 21:46:35.358[m [[36mvert.x-eventloop-thread-1[m] [36mDEBUG[m [1;35mio.netty.buffer.ByteBufUtil[m - [1;32m-Dio.netty.maxThreadLocalCharBufferSize: 16384[m
"[m2021-07-10 21:46:35.370[m [[32mvert.x-eventloop-thread-1[m] [32mINFO [m [1;35mcom.zf1976.ddns.verticle.ApiVerticle[m - [1;32mVertx web server initialized with port(s): 8080 (http)[m
"[m2021-07-10 21:46:52.847[m [[36mmain[m] [36mDEBUG[m [1;35m?[m - [1;32mUsing io.vertx.core.logging.Log4j2LogDelegateFactory[m
"[m2021-07-10 21:46:52.869[m [[36mmain[m] [36mDEBUG[m [1;35mio.netty.util.internal.logging.InternalLoggerFactory[m - [1;32mUsing Log4J2 as the default logging framework[m
"[m2021-07-10 21:46:52.873[m [[36mmain[m] [36mDEBUG[m [1;35mio.netty.util.internal.PlatformDependent0[m - [1;32m-Dio.netty.noUnsafe: false[m
"[m2021-07-10 21:46:52.873[m [[36mmain[m] [36mDEBUG[m [1;35mio.netty.util.internal.PlatformDependent0[m - [1;32mJava version: 11[m
"[m2021-07-10 21:46:52.874[m [[36mmain[m] [36mDEBUG[m [1;35mio.netty.util.internal.PlatformDependent0[m - [1;32msun.misc.Unsafe.theUnsafe: available[m
"[m2021-07-10 21:46:52.874[m [[36mmain[m] [36mDEBUG[m [1;35mio.netty.util.internal.PlatformDependent0[m - [1;32msun.misc.Unsafe.copyMemory: available[m
"[m2021-07-10 21:46:52.875[m [[36mmain[m] [36mDEBUG[m [1;35mio.netty.util.internal.PlatformDependent0[m - [1;32mjava.nio.Buffer.address: available[m
"[m2021-07-10 21:46:52.875[m [[36mmain[m] [36mDEBUG[m [1;35mio.netty.util.internal.PlatformDependent0[m - [1;32mdirect buffer constructor: unavailable: Reflective setAccessible(true) disabled[m
"[m2021-07-10 21:46:52.876[m [[36mmain[m] [36mDEBUG[m [1;35mio.netty.util.internal.PlatformDependent0[m - [1;32mjava.nio.Bits.unaligned: available, true[m
"[m2021-07-10 21:46:52.876[m [[36mmain[m] [36mDEBUG[m [1;35mio.netty.util.internal.PlatformDependent0[m - [1;32mjdk.internal.misc.Unsafe.allocateUninitializedArray(int): unavailable: class io.netty.util.internal.PlatformDependent0$6 cannot access class jdk.internal.misc.Unsafe (in module java.base) because module java.base does not export jdk.internal.misc to unnamed module @2e2ff723[m
"[m2021-07-10 21:46:52.877[m [[36mmain[m] [36mDEBUG[m [1;35mio.netty.util.internal.PlatformDependent0[m - [1;32mjava.nio.DirectByteBuffer.<init>(long, int): unavailable[m
"[m2021-07-10 21:46:52.877[m [[36mmain[m] [36mDEBUG[m [1;35mio.netty.util.internal.PlatformDependent[m - [1;32msun.misc.Unsafe: available[m
"[m2021-07-10 21:46:52.878[m [[36mmain[m] [36mDEBUG[m [1;35mio.netty.util.internal.PlatformDependent[m - [1;32mmaxDirectMemory: 8589934592 bytes (maybe)[m
"[m2021-07-10 21:46:52.878[m [[36mmain[m] [36mDEBUG[m [1;35mio.netty.util.internal.PlatformDependent[m - [1;32m-Dio.netty.tmpdir: /var/folders/ht/w88lht111pd_0m8y0tpsh9k40000gn/T (java.io.tmpdir)[m
"[m2021-07-10 21:46:52.878[m [[36mmain[m] [36mDEBUG[m [1;35mio.netty.util.internal.PlatformDependent[m - [1;32m-Dio.netty.bitMode: 64 (sun.arch.data.model)[m
"[m2021-07-10 21:46:52.879[m [[36mmain[m] [36mDEBUG[m [1;35mio.netty.util.internal.PlatformDependent[m - [1;32mPlatform: MacOS[m
"[m2021-07-10 21:46:52.879[m [[36mmain[m] [36mDEBUG[m [1;35mio.netty.util.internal.PlatformDependent[m - [1;32m-Dio.netty.maxDirectMemory: -1 bytes[m
"[m2021-07-10 21:46:52.879[m [[36mmain[m] [36mDEBUG[m [1;35mio.netty.util.internal.PlatformDependent[m - [1;32m-Dio.netty.uninitializedArrayAllocationThreshold: -1[m
"[m2021-07-10 21:46:52.880[m [[36mmain[m] [36mDEBUG[m [1;35mio.netty.util.internal.CleanerJava9[m - [1;32mjava.nio.ByteBuffer.cleaner(): available[m
"[m2021-07-10 21:46:52.880[m [[36mmain[m] [36mDEBUG[m [1;35mio.netty.util.internal.PlatformDependent[m - [1;32m-Dio.netty.noPreferDirect: false[m
"[m2021-07-10 21:46:52.889[m [[36mmain[m] [36mDEBUG[m [1;35mio.netty.util.ResourceLeakDetector[m - [1;32m-Dio.netty.leakDetection.level: simple[m
"[m2021-07-10 21:46:52.890[m [[36mmain[m] [36mDEBUG[m [1;35mio.netty.util.ResourceLeakDetector[m - [1;32m-Dio.netty.leakDetection.targetRecords: 4[m
"[m2021-07-10 21:46:52.901[m [[36mmain[m] [36mDEBUG[m [1;35mio.netty.channel.MultithreadEventLoopGroup[m - [1;32m-Dio.netty.eventLoopThreads: 32[m
"[m2021-07-10 21:46:52.912[m [[36mmain[m] [36mDEBUG[m [1;35mio.netty.util.internal.InternalThreadLocalMap[m - [1;32m-Dio.netty.threadLocalMap.stringBuilder.initialSize: 1024[m
"[m2021-07-10 21:46:52.912[m [[36mmain[m] [36mDEBUG[m [1;35mio.netty.util.internal.InternalThreadLocalMap[m - [1;32m-Dio.netty.threadLocalMap.stringBuilder.maxSize: 4096[m
"[m2021-07-10 21:46:52.916[m [[36mmain[m] [36mDEBUG[m [1;35mio.netty.channel.nio.NioEventLoop[m - [1;32m-Dio.netty.noKeySetOptimization: false[m
"[m2021-07-10 21:46:52.917[m [[36mmain[m] [36mDEBUG[m [1;35mio.netty.channel.nio.NioEventLoop[m - [1;32m-Dio.netty.selectorAutoRebuildThreshold: 512[m
"[m2021-07-10 21:46:52.921[m [[36mmain[m] [36mDEBUG[m [1;35mio.netty.util.internal.PlatformDependent$Mpsc[m - [1;32morg.jctools-core.MpscChunkedArrayQueue: available[m
"[m2021-07-10 21:46:52.949[m [[36mmain[m] [36mDEBUG[m [1;35mio.netty.resolver.dns.DefaultDnsServerAddressStreamProvider[m - [1;32mDefault DNS servers: [/192.168.2.1:53] (sun.net.dns.ResolverConfiguration)[m
"[m2021-07-10 21:46:52.953[m [[36mmain[m] [36mDEBUG[m [1;35mio.netty.util.NetUtil[m - [1;32m-Djava.net.preferIPv4Stack: false[m
"[m2021-07-10 21:46:52.953[m [[36mmain[m] [36mDEBUG[m [1;35mio.netty.util.NetUtil[m - [1;32m-Djava.net.preferIPv6Addresses: false[m
"[m2021-07-10 21:46:52.956[m [[36mmain[m] [36mDEBUG[m [1;35mio.netty.util.NetUtilInitializations[m - [1;32mLoopback interface: lo0 (lo0, 0:0:0:0:0:0:0:1%lo0)[m
"[m2021-07-10 21:46:52.956[m [[36mmain[m] [36mDEBUG[m [1;35mio.netty.util.NetUtil$1[m - [1;32mFailed to get SOMAXCONN from sysctl and file /proc/sys/net/core/somaxconn. Default: 128[m
"[m2021-07-10 21:46:53.361[m [[36mvert.x-eventloop-thread-1[m] [36mDEBUG[m [1;35mio.netty.buffer.PooledByteBufAllocator[m - [1;32m-Dio.netty.allocator.numHeapArenas: 32[m
"[m2021-07-10 21:46:53.362[m [[36mvert.x-eventloop-thread-1[m] [36mDEBUG[m [1;35mio.netty.buffer.PooledByteBufAllocator[m - [1;32m-Dio.netty.allocator.numDirectArenas: 32[m
"[m2021-07-10 21:46:53.362[m [[36mvert.x-eventloop-thread-1[m] [36mDEBUG[m [1;35mio.netty.buffer.PooledByteBufAllocator[m - [1;32m-Dio.netty.allocator.pageSize: 8192[m
"[m2021-07-10 21:46:53.362[m [[36mvert.x-eventloop-thread-1[m] [36mDEBUG[m [1;35mio.netty.buffer.PooledByteBufAllocator[m - [1;32m-Dio.netty.allocator.maxOrder: 11[m
"[m2021-07-10 21:46:53.362[m [[36mvert.x-eventloop-thread-1[m] [36mDEBUG[m [1;35mio.netty.buffer.PooledByteBufAllocator[m - [1;32m-Dio.netty.allocator.chunkSize: 16777216[m
"[m2021-07-10 21:46:53.363[m [[36mvert.x-eventloop-thread-1[m] [36mDEBUG[m [1;35mio.netty.buffer.PooledByteBufAllocator[m - [1;32m-Dio.netty.allocator.smallCacheSize: 256[m
"[m2021-07-10 21:46:53.363[m [[36mvert.x-eventloop-thread-1[m] [36mDEBUG[m [1;35mio.netty.buffer.PooledByteBufAllocator[m - [1;32m-Dio.netty.allocator.normalCacheSize: 64[m
"[m2021-07-10 21:46:53.363[m [[36mvert.x-eventloop-thread-1[m] [36mDEBUG[m [1;35mio.netty.buffer.PooledByteBufAllocator[m - [1;32m-Dio.netty.allocator.maxCachedBufferCapacity: 32768[m
"[m2021-07-10 21:46:53.363[m [[36mvert.x-eventloop-thread-1[m] [36mDEBUG[m [1;35mio.netty.buffer.PooledByteBufAllocator[m - [1;32m-Dio.netty.allocator.cacheTrimInterval: 8192[m
"[m2021-07-10 21:46:53.363[m [[36mvert.x-eventloop-thread-1[m] [36mDEBUG[m [1;35mio.netty.buffer.PooledByteBufAllocator[m - [1;32m-Dio.netty.allocator.cacheTrimIntervalMillis: 0[m
"[m2021-07-10 21:46:53.363[m [[36mvert.x-eventloop-thread-1[m] [36mDEBUG[m [1;35mio.netty.buffer.PooledByteBufAllocator[m - [1;32m-Dio.netty.allocator.useCacheForAllThreads: true[m
"[m2021-07-10 21:46:53.363[m [[36mvert.x-eventloop-thread-1[m] [36mDEBUG[m [1;35mio.netty.buffer.PooledByteBufAllocator[m - [1;32m-Dio.netty.allocator.maxCachedByteBuffersPerChunk: 1023[m
"[m2021-07-10 21:46:53.390[m [[36mvert.x-eventloop-thread-1[m] [36mDEBUG[m [1;35mio.netty.channel.DefaultChannelId[m - [1;32m-Dio.netty.processId: 50149 (auto-detected)[m
"[m2021-07-10 21:46:53.391[m [[36mvert.x-eventloop-thread-1[m] [36mDEBUG[m [1;35mio.netty.channel.DefaultChannelId[m - [1;32m-Dio.netty.machineId: 3c:7c:3f:ff:fe:12:83:24 (auto-detected)[m
"[m2021-07-10 21:46:53.405[m [[36mvert.x-eventloop-thread-1[m] [36mDEBUG[m [1;35mio.netty.buffer.ByteBufUtil[m - [1;32m-Dio.netty.allocator.type: pooled[m
"[m2021-07-10 21:46:53.405[m [[36mvert.x-eventloop-thread-1[m] [36mDEBUG[m [1;35mio.netty.buffer.ByteBufUtil[m - [1;32m-Dio.netty.threadLocalDirectBufferSize: 0[m
"[m2021-07-10 21:46:53.405[m [[36mvert.x-eventloop-thread-1[m] [36mDEBUG[m [1;35mio.netty.buffer.ByteBufUtil[m - [1;32m-Dio.netty.maxThreadLocalCharBufferSize: 16384[m
"[m2021-07-10 21:46:53.416[m [[32mvert.x-eventloop-thread-1[m] [32mINFO [m [1;35mcom.zf1976.ddns.verticle.ApiVerticle[m - [1;32mVertx web server initialized with port(s): 8080 (http)[m
"[m2021-07-10 21:46:59.483[m [[36mvert.x-eventloop-thread-1[m] [36mDEBUG[m [1;35mio.netty.util.Recycler[m - [1;32m-Dio.netty.recycler.maxCapacityPerThread: 4096[m
"[m2021-07-10 21:46:59.483[m [[36mvert.x-eventloop-thread-1[m] [36mDEBUG[m [1;35mio.netty.util.Recycler[m - [1;32m-Dio.netty.recycler.maxSharedCapacityFactor: 2[m
"[m2021-07-10 21:46:59.483[m [[36mvert.x-eventloop-thread-1[m] [36mDEBUG[m [1;35mio.netty.util.Recycler[m - [1;32m-Dio.netty.recycler.linkCapacity: 16[m
"[m2021-07-10 21:46:59.483[m [[36mvert.x-eventloop-thread-1[m] [36mDEBUG[m [1;35mio.netty.util.Recycler[m - [1;32m-Dio.netty.recycler.ratio: 8[m
"[m2021-07-10 21:46:59.484[m [[36mvert.x-eventloop-thread-1[m] [36mDEBUG[m [1;35mio.netty.util.Recycler[m - [1;32m-Dio.netty.recycler.delayedQueue.ratio: 8[m
"[m2021-07-10 21:46:59.488[m [[36mvert.x-eventloop-thread-1[m] [36mDEBUG[m [1;35mio.netty.buffer.AbstractByteBuf[m - [1;32m-Dio.netty.buffer.checkAccessible: true[m
"[m2021-07-10 21:46:59.488[m [[36mvert.x-eventloop-thread-1[m] [36mDEBUG[m [1;35mio.netty.buffer.AbstractByteBuf[m - [1;32m-Dio.netty.buffer.checkBounds: true[m
"[m2021-07-10 21:46:59.489[m [[36mvert.x-eventloop-thread-1[m] [36mDEBUG[m [1;35mio.netty.util.ResourceLeakDetectorFactory$DefaultResourceLeakDetectorFactory[m - [1;32mLoaded default ResourceLeakDetector: io.netty.util.ResourceLeakDetector@6bdc7414[m
"[m2021-07-10 21:46:59.532[m [[36mvert.x-eventloop-thread-1[m] [36mDEBUG[m [1;35mio.netty.handler.codec.compression.ZlibCodecFactory[m - [1;32m-Dio.netty.noJdkZlibDecoder: false[m
"[m2021-07-10 21:46:59.533[m [[36mvert.x-eventloop-thread-1[m] [36mDEBUG[m [1;35mio.netty.handler.codec.compression.ZlibCodecFactory[m - [1;32m-Dio.netty.noJdkZlibEncoder: false[m
"[m2021-07-10 21:48:06.336[m [[36mmain[m] [36mDEBUG[m [1;35m?[m - [1;32mUsing io.vertx.core.logging.Log4j2LogDelegateFactory[m
"[m2021-07-10 21:48:06.359[m [[36mmain[m] [36mDEBUG[m [1;35mio.netty.util.internal.logging.InternalLoggerFactory[m - [1;32mUsing Log4J2 as the default logging framework[m
"[m2021-07-10 21:48:06.363[m [[36mmain[m] [36mDEBUG[m [1;35mio.netty.util.internal.PlatformDependent0[m - [1;32m-Dio.netty.noUnsafe: false[m
"[m2021-07-10 21:48:06.363[m [[36mmain[m] [36mDEBUG[m [1;35mio.netty.util.internal.PlatformDependent0[m - [1;32mJava version: 11[m
"[m2021-07-10 21:48:06.364[m [[36mmain[m] [36mDEBUG[m [1;35mio.netty.util.internal.PlatformDependent0[m - [1;32msun.misc.Unsafe.theUnsafe: available[m
"[m2021-07-10 21:48:06.365[m [[36mmain[m] [36mDEBUG[m [1;35mio.netty.util.internal.PlatformDependent0[m - [1;32msun.misc.Unsafe.copyMemory: available[m
"[m2021-07-10 21:48:06.365[m [[36mmain[m] [36mDEBUG[m [1;35mio.netty.util.internal.PlatformDependent0[m - [1;32mjava.nio.Buffer.address: available[m
"[m2021-07-10 21:48:06.365[m [[36mmain[m] [36mDEBUG[m [1;35mio.netty.util.internal.PlatformDependent0[m - [1;32mdirect buffer constructor: unavailable: Reflective setAccessible(true) disabled[m
"[m2021-07-10 21:48:06.366[m [[36mmain[m] [36mDEBUG[m [1;35mio.netty.util.internal.PlatformDependent0[m - [1;32mjava.nio.Bits.unaligned: available, true[m
"[m2021-07-10 21:48:06.367[m [[36mmain[m] [36mDEBUG[m [1;35mio.netty.util.internal.PlatformDependent0[m - [1;32mjdk.internal.misc.Unsafe.allocateUninitializedArray(int): unavailable: class io.netty.util.internal.PlatformDependent0$6 cannot access class jdk.internal.misc.Unsafe (in module java.base) because module java.base does not export jdk.internal.misc to unnamed module @2e2ff723[m
"[m2021-07-10 21:48:06.367[m [[36mmain[m] [36mDEBUG[m [1;35mio.netty.util.internal.PlatformDependent0[m - [1;32mjava.nio.DirectByteBuffer.<init>(long, int): unavailable[m
"[m2021-07-10 21:48:06.368[m [[36mmain[m] [36mDEBUG[m [1;35mio.netty.util.internal.PlatformDependent[m - [1;32msun.misc.Unsafe: available[m
"[m2021-07-10 21:48:06.368[m [[36mmain[m] [36mDEBUG[m [1;35mio.netty.util.internal.PlatformDependent[m - [1;32mmaxDirectMemory: 8589934592 bytes (maybe)[m
"[m2021-07-10 21:48:06.368[m [[36mmain[m] [36mDEBUG[m [1;35mio.netty.util.internal.PlatformDependent[m - [1;32m-Dio.netty.tmpdir: /var/folders/ht/w88lht111pd_0m8y0tpsh9k40000gn/T (java.io.tmpdir)[m
"[m2021-07-10 21:48:06.369[m [[36mmain[m] [36mDEBUG[m [1;35mio.netty.util.internal.PlatformDependent[m - [1;32m-Dio.netty.bitMode: 64 (sun.arch.data.model)[m
"[m2021-07-10 21:48:06.369[m [[36mmain[m] [36mDEBUG[m [1;35mio.netty.util.internal.PlatformDependent[m - [1;32mPlatform: MacOS[m
"[m2021-07-10 21:48:06.369[m [[36mmain[m] [36mDEBUG[m [1;35mio.netty.util.internal.PlatformDependent[m - [1;32m-Dio.netty.maxDirectMemory: -1 bytes[m
"[m2021-07-10 21:48:06.370[m [[36mmain[m] [36mDEBUG[m [1;35mio.netty.util.internal.PlatformDependent[m - [1;32m-Dio.netty.uninitializedArrayAllocationThreshold: -1[m
"[m2021-07-10 21:48:06.370[m [[36mmain[m] [36mDEBUG[m [1;35mio.netty.util.internal.CleanerJava9[m - [1;32mjava.nio.ByteBuffer.cleaner(): available[m
"[m2021-07-10 21:48:06.370[m [[36mmain[m] [36mDEBUG[m [1;35mio.netty.util.internal.PlatformDependent[m - [1;32m-Dio.netty.noPreferDirect: false[m
"[m2021-07-10 21:48:06.381[m [[36mmain[m] [36mDEBUG[m [1;35mio.netty.util.ResourceLeakDetector[m - [1;32m-Dio.netty.leakDetection.level: simple[m
"[m2021-07-10 21:48:06.381[m [[36mmain[m] [36mDEBUG[m [1;35mio.netty.util.ResourceLeakDetector[m - [1;32m-Dio.netty.leakDetection.targetRecords: 4[m
"[m2021-07-10 21:48:06.393[m [[36mmain[m] [36mDEBUG[m [1;35mio.netty.channel.MultithreadEventLoopGroup[m - [1;32m-Dio.netty.eventLoopThreads: 32[m
"[m2021-07-10 21:48:06.404[m [[36mmain[m] [36mDEBUG[m [1;35mio.netty.util.internal.InternalThreadLocalMap[m - [1;32m-Dio.netty.threadLocalMap.stringBuilder.initialSize: 1024[m
"[m2021-07-10 21:48:06.404[m [[36mmain[m] [36mDEBUG[m [1;35mio.netty.util.internal.InternalThreadLocalMap[m - [1;32m-Dio.netty.threadLocalMap.stringBuilder.maxSize: 4096[m
"[m2021-07-10 21:48:06.409[m [[36mmain[m] [36mDEBUG[m [1;35mio.netty.channel.nio.NioEventLoop[m - [1;32m-Dio.netty.noKeySetOptimization: false[m
"[m2021-07-10 21:48:06.409[m [[36mmain[m] [36mDEBUG[m [1;35mio.netty.channel.nio.NioEventLoop[m - [1;32m-Dio.netty.selectorAutoRebuildThreshold: 512[m
"[m2021-07-10 21:48:06.414[m [[36mmain[m] [36mDEBUG[m [1;35mio.netty.util.internal.PlatformDependent$Mpsc[m - [1;32morg.jctools-core.MpscChunkedArrayQueue: available[m
"[m2021-07-10 21:48:06.441[m [[36mmain[m] [36mDEBUG[m [1;35mio.netty.resolver.dns.DefaultDnsServerAddressStreamProvider[m - [1;32mDefault DNS servers: [/192.168.2.1:53] (sun.net.dns.ResolverConfiguration)[m
"[m2021-07-10 21:48:06.445[m [[36mmain[m] [36mDEBUG[m [1;35mio.netty.util.NetUtil[m - [1;32m-Djava.net.preferIPv4Stack: false[m
"[m2021-07-10 21:48:06.445[m [[36mmain[m] [36mDEBUG[m [1;35mio.netty.util.NetUtil[m - [1;32m-Djava.net.preferIPv6Addresses: false[m
"[m2021-07-10 21:48:06.448[m [[36mmain[m] [36mDEBUG[m [1;35mio.netty.util.NetUtilInitializations[m - [1;32mLoopback interface: lo0 (lo0, 0:0:0:0:0:0:0:1%lo0)[m
"[m2021-07-10 21:48:06.448[m [[36mmain[m] [36mDEBUG[m [1;35mio.netty.util.NetUtil$1[m - [1;32mFailed to get SOMAXCONN from sysctl and file /proc/sys/net/core/somaxconn. Default: 128[m
"[m2021-07-10 21:48:06.858[m [[36mvert.x-eventloop-thread-1[m] [36mDEBUG[m [1;35mio.netty.buffer.PooledByteBufAllocator[m - [1;32m-Dio.netty.allocator.numHeapArenas: 32[m
"[m2021-07-10 21:48:06.859[m [[36mvert.x-eventloop-thread-1[m] [36mDEBUG[m [1;35mio.netty.buffer.PooledByteBufAllocator[m - [1;32m-Dio.netty.allocator.numDirectArenas: 32[m
"[m2021-07-10 21:48:06.859[m [[36mvert.x-eventloop-thread-1[m] [36mDEBUG[m [1;35mio.netty.buffer.PooledByteBufAllocator[m - [1;32m-Dio.netty.allocator.pageSize: 8192[m
"[m2021-07-10 21:48:06.859[m [[36mvert.x-eventloop-thread-1[m] [36mDEBUG[m [1;35mio.netty.buffer.PooledByteBufAllocator[m - [1;32m-Dio.netty.allocator.maxOrder: 11[m
"[m2021-07-10 21:48:06.859[m [[36mvert.x-eventloop-thread-1[m] [36mDEBUG[m [1;35mio.netty.buffer.PooledByteBufAllocator[m - [1;32m-Dio.netty.allocator.chunkSize: 16777216[m
"[m2021-07-10 21:48:06.859[m [[36mvert.x-eventloop-thread-1[m] [36mDEBUG[m [1;35mio.netty.buffer.PooledByteBufAllocator[m - [1;32m-Dio.netty.allocator.smallCacheSize: 256[m
"[m2021-07-10 21:48:06.859[m [[36mvert.x-eventloop-thread-1[m] [36mDEBUG[m [1;35mio.netty.buffer.PooledByteBufAllocator[m - [1;32m-Dio.netty.allocator.normalCacheSize: 64[m
"[m2021-07-10 21:48:06.860[m [[36mvert.x-eventloop-thread-1[m] [36mDEBUG[m [1;35mio.netty.buffer.PooledByteBufAllocator[m - [1;32m-Dio.netty.allocator.maxCachedBufferCapacity: 32768[m
"[m2021-07-10 21:48:06.860[m [[36mvert.x-eventloop-thread-1[m] [36mDEBUG[m [1;35mio.netty.buffer.PooledByteBufAllocator[m - [1;32m-Dio.netty.allocator.cacheTrimInterval: 8192[m
"[m2021-07-10 21:48:06.860[m [[36mvert.x-eventloop-thread-1[m] [36mDEBUG[m [1;35mio.netty.buffer.PooledByteBufAllocator[m - [1;32m-Dio.netty.allocator.cacheTrimIntervalMillis: 0[m
"[m2021-07-10 21:48:06.860[m [[36mvert.x-eventloop-thread-1[m] [36mDEBUG[m [1;35mio.netty.buffer.PooledByteBufAllocator[m - [1;32m-Dio.netty.allocator.useCacheForAllThreads: true[m
"[m2021-07-10 21:48:06.860[m [[36mvert.x-eventloop-thread-1[m] [36mDEBUG[m [1;35mio.netty.buffer.PooledByteBufAllocator[m - [1;32m-Dio.netty.allocator.maxCachedByteBuffersPerChunk: 1023[m
"[m2021-07-10 21:48:06.886[m [[36mvert.x-eventloop-thread-1[m] [36mDEBUG[m [1;35mio.netty.channel.DefaultChannelId[m - [1;32m-Dio.netty.processId: 50731 (auto-detected)[m
"[m2021-07-10 21:48:06.888[m [[36mvert.x-eventloop-thread-1[m] [36mDEBUG[m [1;35mio.netty.channel.DefaultChannelId[m - [1;32m-Dio.netty.machineId: 3c:7c:3f:ff:fe:12:83:24 (auto-detected)[m
"[m2021-07-10 21:48:06.901[m [[36mvert.x-eventloop-thread-1[m] [36mDEBUG[m [1;35mio.netty.buffer.ByteBufUtil[m - [1;32m-Dio.netty.allocator.type: pooled[m
"[m2021-07-10 21:48:06.901[m [[36mvert.x-eventloop-thread-1[m] [36mDEBUG[m [1;35mio.netty.buffer.ByteBufUtil[m - [1;32m-Dio.netty.threadLocalDirectBufferSize: 0[m
"[m2021-07-10 21:48:06.902[m [[36mvert.x-eventloop-thread-1[m] [36mDEBUG[m [1;35mio.netty.buffer.ByteBufUtil[m - [1;32m-Dio.netty.maxThreadLocalCharBufferSize: 16384[m
"[m2021-07-10 21:48:06.913[m [[32mvert.x-eventloop-thread-1[m] [32mINFO [m [1;35mcom.zf1976.ddns.verticle.ApiVerticle[m - [1;32mVertx web server initialized with port(s): 8080 (http)[m
"[m2021-07-10 21:48:10.300[m [[36mvert.x-eventloop-thread-1[m] [36mDEBUG[m [1;35mio.netty.util.Recycler[m - [1;32m-Dio.netty.recycler.maxCapacityPerThread: 4096[m
"[m2021-07-10 21:48:10.300[m [[36mvert.x-eventloop-thread-1[m] [36mDEBUG[m [1;35mio.netty.util.Recycler[m - [1;32m-Dio.netty.recycler.maxSharedCapacityFactor: 2[m
"[m2021-07-10 21:48:10.300[m [[36mvert.x-eventloop-thread-1[m] [36mDEBUG[m [1;35mio.netty.util.Recycler[m - [1;32m-Dio.netty.recycler.linkCapacity: 16[m
"[m2021-07-10 21:48:10.301[m [[36mvert.x-eventloop-thread-1[m] [36mDEBUG[m [1;35mio.netty.util.Recycler[m - [1;32m-Dio.netty.recycler.ratio: 8[m
"[m2021-07-10 21:48:10.301[m [[36mvert.x-eventloop-thread-1[m] [36mDEBUG[m [1;35mio.netty.util.Recycler[m - [1;32m-Dio.netty.recycler.delayedQueue.ratio: 8[m
"[m2021-07-10 21:48:10.306[m [[36mvert.x-eventloop-thread-1[m] [36mDEBUG[m [1;35mio.netty.buffer.AbstractByteBuf[m - [1;32m-Dio.netty.buffer.checkAccessible: true[m
"[m2021-07-10 21:48:10.306[m [[36mvert.x-eventloop-thread-1[m] [36mDEBUG[m [1;35mio.netty.buffer.AbstractByteBuf[m - [1;32m-Dio.netty.buffer.checkBounds: true[m
"[m2021-07-10 21:48:10.307[m [[36mvert.x-eventloop-thread-1[m] [36mDEBUG[m [1;35mio.netty.util.ResourceLeakDetectorFactory$DefaultResourceLeakDetectorFactory[m - [1;32mLoaded default ResourceLeakDetector: io.netty.util.ResourceLeakDetector@7751518d[m
"[m2021-07-10 21:48:10.350[m [[36mvert.x-eventloop-thread-1[m] [36mDEBUG[m [1;35mio.netty.handler.codec.compression.ZlibCodecFactory[m - [1;32m-Dio.netty.noJdkZlibDecoder: false[m
"[m2021-07-10 21:48:10.350[m [[36mvert.x-eventloop-thread-1[m] [36mDEBUG[m [1;35mio.netty.handler.codec.compression.ZlibCodecFactory[m - [1;32m-Dio.netty.noJdkZlibEncoder: false[m
"